<?xml version="1.0" encoding="UTF-8"?>
<testsuite xmlns:xsi="http://www.w3.org/2001/XMLSchema-instance" xsi:noNamespaceSchemaLocation="https://maven.apache.org/surefire/maven-surefire-plugin/xsd/surefire-test-report.xsd" version="3.0.2" name="com.github.vanaweb.study_apiw.StudyApiwApplicationTests" time="1.695" tests="1" errors="0" skipped="0" failures="0">
  <properties>
[...]
</properties>
  <testcase name="contextLoads" classname="com.github.vanaweb.study_apiw.StudyApiwApplicationTests" time="0.458">
    <system-out><![CDATA[20:01:41.156 [main] INFO org.springframework.test.context.support.AnnotationConfigContextLoaderUtils -- Could not detect default configuration classes for test class [com.github.vanaweb.study_apiw.StudyApiwApplicationTests]: StudyApiwApplicationTests does not declare any static, non-private, non-final, nested classes annotated with @Configuration.
20:01:41.225 [main] INFO org.springframework.boot.test.context.SpringBootTestContextBootstrapper -- Found @SpringBootConfiguration com.github.vanaweb.study_apiw.StudyApiwApplication for test class com.github.vanaweb.study_apiw.StudyApiwApplicationTests

  .   ____          _            __ _ _
 /\\ / ___'_ __ _ _(_)_ __  __ _ \ \ \ \
( ( )\___ | '_ | '_| | '_ \/ _` | \ \ \ \
 \\/  ___)| |_)| | | | | || (_| |  ) ) ) )
  '  |____| .__|_| |_|_| |_\__, | / / / /
 =========|_|==============|___/=/_/_/_/

 :: Spring Boot ::                (v3.4.3)

2025-03-10T20:01:41.463-03:00  INFO 13404 --- [study-apiw] [           main] c.g.v.s.StudyApiwApplicationTests        : Starting StudyApiwApplicationTests using Java 18.0.2.1 with PID 13404 (started by labsfiap in C:\Users\labsfiap\study_apiw\study-apiw-old)
2025-03-10T20:01:41.464-03:00  INFO 13404 --- [study-apiw] [           main] c.g.v.s.StudyApiwApplicationTests        : No active profile set, falling back to 1 default profile: "default"
2025-03-10T20:01:42.109-03:00  INFO 13404 --- [study-apiw] [           main] o.s.v.b.OptionalValidatorFactoryBean     : Failed to set up a Bean Validation provider: jakarta.validation.NoProviderFoundException: Unable to create a Configuration, because no Jakarta Bean Validation provider could be found. Add a provider like Hibernate Validator (RI) to your classpath.
2025-03-10T20:01:42.281-03:00  INFO 13404 --- [study-apiw] [           main] c.g.v.s.StudyApiwApplicationTests        : Started StudyApiwApplicationTests in 0.982 seconds (process running for 1.49)
]]></system-out>
  </testcase>
</testsuite>